#-----------------------------------------------------------
# Vivado v2017.4 (64-bit)
# SW Build 2086221 on Fri Dec 15 20:55:39 MST 2017
# IP Build 2085800 on Fri Dec 15 22:25:07 MST 2017
# Start of session at: Mon May  8 12:19:22 2023
# Process ID: 8636
# Current directory: D:/code/main/multi_give/multi_give
# Command line: vivado.exe -gui_launcher_event rodinguilauncherevent18412 D:\code\main\multi_give\multi_give\multi_give.xpr
# Log file: D:/code/main/multi_give/multi_give/vivado.log
# Journal file: D:/code/main/multi_give/multi_give\vivado.jou
#-----------------------------------------------------------
start_gui
open_project D:/code/main/multi_give/multi_give/multi_give.xpr
Scanning sources...
Finished scanning sources
INFO: [IP_Flow 19-234] Refreshing IP repositories
INFO: [IP_Flow 19-1704] No user IP repositories specified
INFO: [IP_Flow 19-2313] Loaded Vivado IP repository 'F:/vivado/Vivado/2017.4/data/ip'.
open_project: Time (s): cpu = 00:00:13 ; elapsed = 00:00:07 . Memory (MB): peak = 728.055 ; gain = 58.898
update_compile_order -fileset sources_1
open_run impl_1
INFO: [Netlist 29-17] Analyzing 568 Unisim elements for replacement
INFO: [Netlist 29-28] Unisim Transformation completed in 0 CPU seconds
INFO: [Project 1-479] Netlist was created with Vivado 2017.4
INFO: [Device 21-403] Loading part xc7a100tcsg324-1
INFO: [Project 1-570] Preparing netlist for logic optimization
INFO: [Common 17-41] Interrupt caught. Command should exit soon.
Parsing XDC File [D:/code/main/multi_give/multi_give/.Xil/Vivado-8636-DESKTOP-U6JQ6MK/dcp0/MCCPUSOC_Top.xdc]
Finished Parsing XDC File [D:/code/main/multi_give/multi_give/.Xil/Vivado-8636-DESKTOP-U6JQ6MK/dcp0/MCCPUSOC_Top.xdc]
Reading XDEF placement.
Reading placer database...
Reading XDEF routing.
Restored from archive | CPU: 0.000000 secs | Memory: 0.000000 MB |
Finished XDEF File Restore: Time (s): cpu = 00:00:00 ; elapsed = 00:00:00.206 . Memory (MB): peak = 1048.867 ; gain = 4.383
open_run: Time (s): cpu = 00:00:08 ; elapsed = 00:00:09 . Memory (MB): peak = 1061.980 ; gain = 305.703
INFO: [Common 17-344] 'open_run' was cancelled
reset_run synth_1
launch_runs synth_1 -jobs 2
[Mon May  8 12:22:01 2023] Launched synth_1...
Run output will be captured here: D:/code/main/multi_give/multi_give/multi_give.runs/synth_1/runme.log
launch_runs impl_1 -jobs 2
[Mon May  8 12:24:25 2023] Launched impl_1...
Run output will be captured here: D:/code/main/multi_give/multi_give/multi_give.runs/impl_1/runme.log
open_run impl_1
INFO: [Netlist 29-17] Analyzing 568 Unisim elements for replacement
INFO: [Netlist 29-28] Unisim Transformation completed in 0 CPU seconds
INFO: [Project 1-479] Netlist was created with Vivado 2017.4
INFO: [Project 1-570] Preparing netlist for logic optimization
Parsing XDC File [D:/code/main/multi_give/multi_give/.Xil/Vivado-8636-DESKTOP-U6JQ6MK/dcp4/MCCPUSOC_Top.xdc]
Finished Parsing XDC File [D:/code/main/multi_give/multi_give/.Xil/Vivado-8636-DESKTOP-U6JQ6MK/dcp4/MCCPUSOC_Top.xdc]
Reading XDEF placement.
Reading placer database...
Reading XDEF routing.
Read XDEF File: Time (s): cpu = 00:00:01 ; elapsed = 00:00:00.366 . Memory (MB): peak = 1112.539 ; gain = 3.023
Restored from archive | CPU: 1.000000 secs | Memory: 0.000000 MB |
Finished XDEF File Restore: Time (s): cpu = 00:00:01 ; elapsed = 00:00:00.366 . Memory (MB): peak = 1112.539 ; gain = 3.023
INFO: [Project 1-111] Unisim Transformation Summary:
  A total of 32 instances were transformed.
  RAM128X1D => RAM128X1D (RAMD64E, RAMD64E, MUXF7, MUXF7, RAMD64E, RAMD64E): 32 instances

open_run: Time (s): cpu = 00:00:12 ; elapsed = 00:00:05 . Memory (MB): peak = 1195.191 ; gain = 133.211
write_schematic -format pdf -orientation portrait C:/Users/congr/Desktop/real1.pdf
C:/Users/congr/Desktop/real1.pdf
write_schematic -format pdf -orientation portrait C:/Users/congr/Desktop/real2.pdf
C:/Users/congr/Desktop/real2.pdf
exit
INFO: [Common 17-206] Exiting Vivado at Mon May  8 15:21:34 2023...
