#-----------------------------------------------------------
# Vivado v2017.4 (64-bit)
# SW Build 2086221 on Fri Dec 15 20:55:39 MST 2017
# IP Build 2085800 on Fri Dec 15 22:25:07 MST 2017
# Start of session at: Tue Apr 25 18:27:56 2023
# Process ID: 24004
# Current directory: D:/code/main/multi_give/multi_give
# Command line: vivado.exe -gui_launcher_event rodinguilauncherevent10472 D:\code\main\multi_give\multi_give\multi_give.xpr
# Log file: D:/code/main/multi_give/multi_give/vivado.log
# Journal file: D:/code/main/multi_give/multi_give\vivado.jou
#-----------------------------------------------------------
start_gui
open_project D:/code/main/multi_give/multi_give/multi_give.xpr
INFO: [Project 1-313] Project file moved from 'C:/Users/25162/Desktop/multi_give' since last save.
CRITICAL WARNING: [Project 1-311] Could not find the file 'D:/桌面/学习/计组/2023春计算机系统基础实验/source/source/Testing Code/studentnosorting.coe', nor could it be found using path 'C:/桌面/学习/计组/2023春计算机系统基础实验/source/source/Testing Code/studentnosorting.coe'.
Scanning sources...
Finished scanning sources
INFO: [IP_Flow 19-234] Refreshing IP repositories
INFO: [IP_Flow 19-1704] No user IP repositories specified
INFO: [IP_Flow 19-2313] Loaded Vivado IP repository 'F:/vivado/Vivado/2017.4/data/ip'.
open_project: Time (s): cpu = 00:00:12 ; elapsed = 00:00:06 . Memory (MB): peak = 744.535 ; gain = 86.539
update_compile_order -fileset sources_1
create_ip -name dist_mem_gen -vendor xilinx.com -library ip -version 8.0 -module_name imem -dir d:/code/main/multi_give/multi_give/multi_give.srcs/sources_1/ip
set_property -dict [list CONFIG.depth {128} CONFIG.data_width {32} CONFIG.Component_Name {imem} CONFIG.coefficient_file {D:/code/main/multi_give/multi_give/studentnosorting.coe}] [get_ips imem]
WARNING: [Vivado 12-3523] Attempt to change 'Component_Name' from 'imem' to 'imem' is not allowed and is ignored.
INFO: [IP_Flow 19-3484] Absolute path of file 'd:/code/main/multi_give/multi_give/studentnosorting.coe' provided. It will be converted relative to IP Instance files '../../../../studentnosorting.coe'
generate_target {instantiation_template} [get_files d:/code/main/multi_give/multi_give/multi_give.srcs/sources_1/ip/imem/imem.xci]
INFO: [IP_Flow 19-1686] Generating 'Instantiation Template' target for IP 'imem'...
update_compile_order -fileset sources_1
generate_target all [get_files  d:/code/main/multi_give/multi_give/multi_give.srcs/sources_1/ip/imem/imem.xci]
INFO: [IP_Flow 19-1686] Generating 'Synthesis' target for IP 'imem'...
INFO: [IP_Flow 19-1686] Generating 'Simulation' target for IP 'imem'...
INFO: [IP_Flow 19-1686] Generating 'Change Log' target for IP 'imem'...
catch { config_ip_cache -export [get_ips -all imem] }
export_ip_user_files -of_objects [get_files d:/code/main/multi_give/multi_give/multi_give.srcs/sources_1/ip/imem/imem.xci] -no_script -sync -force -quiet
create_ip_run [get_files -of_objects [get_fileset sources_1] d:/code/main/multi_give/multi_give/multi_give.srcs/sources_1/ip/imem/imem.xci]
launch_runs -jobs 2 imem_synth_1
[Tue Apr 25 18:43:33 2023] Launched imem_synth_1...
Run output will be captured here: D:/code/main/multi_give/multi_give/multi_give.runs/imem_synth_1/runme.log
export_simulation -of_objects [get_files d:/code/main/multi_give/multi_give/multi_give.srcs/sources_1/ip/imem/imem.xci] -directory D:/code/main/multi_give/multi_give/multi_give.ip_user_files/sim_scripts -ip_user_files_dir D:/code/main/multi_give/multi_give/multi_give.ip_user_files -ipstatic_source_dir D:/code/main/multi_give/multi_give/multi_give.ip_user_files/ipstatic -lib_map_path [list {modelsim=D:/code/main/multi_give/multi_give/multi_give.cache/compile_simlib/modelsim} {questa=D:/code/main/multi_give/multi_give/multi_give.cache/compile_simlib/questa} {riviera=D:/code/main/multi_give/multi_give/multi_give.cache/compile_simlib/riviera} {activehdl=D:/code/main/multi_give/multi_give/multi_give.cache/compile_simlib/activehdl}] -use_ip_compiled_libs -force -quiet
export_ip_user_files -of_objects  [get_files {{D:/桌面/学习/计组/2023春计算机系统基础实验/source/source/Testing Code/studentnosorting.coe}}] -no_script -reset -force -quiet
remove_files  {{D:/桌面/学习/计组/2023春计算机系统基础实验/source/source/Testing Code/studentnosorting.coe}}
exit
INFO: [Common 17-206] Exiting Vivado at Tue Apr 25 18:46:20 2023...
