#-----------------------------------------------------------
# Vivado v2017.4 (64-bit)
# SW Build 2086221 on Fri Dec 15 20:55:39 MST 2017
# IP Build 2085800 on Fri Dec 15 22:25:07 MST 2017
# Start of session at: Thu May  4 15:06:34 2023
# Process ID: 24440
# Current directory: D:/code/main/multi_give/multi_give
# Command line: vivado.exe -gui_launcher_event rodinguilauncherevent5668 D:\code\main\multi_give\multi_give\multi_give.xpr
# Log file: D:/code/main/multi_give/multi_give/vivado.log
# Journal file: D:/code/main/multi_give/multi_give\vivado.jou
#-----------------------------------------------------------
start_gui
open_project D:/code/main/multi_give/multi_give/multi_give.xpr
Scanning sources...
Finished scanning sources
INFO: [IP_Flow 19-234] Refreshing IP repositories
INFO: [IP_Flow 19-1704] No user IP repositories specified
INFO: [IP_Flow 19-2313] Loaded Vivado IP repository 'F:/vivado/Vivado/2017.4/data/ip'.
open_project: Time (s): cpu = 00:00:14 ; elapsed = 00:00:07 . Memory (MB): peak = 726.117 ; gain = 60.062
update_compile_order -fileset sources_1
update_compile_order -fileset sources_1
reset_run synth_1
launch_runs synth_1 -jobs 2
[Thu May  4 15:08:01 2023] Launched synth_1...
Run output will be captured here: D:/code/main/multi_give/multi_give/multi_give.runs/synth_1/runme.log
launch_runs impl_1 -jobs 2
[Thu May  4 15:09:30 2023] Launched impl_1...
Run output will be captured here: D:/code/main/multi_give/multi_give/multi_give.runs/impl_1/runme.log
open_run impl_1
INFO: [Netlist 29-17] Analyzing 568 Unisim elements for replacement
INFO: [Netlist 29-28] Unisim Transformation completed in 1 CPU seconds
INFO: [Project 1-479] Netlist was created with Vivado 2017.4
INFO: [Device 21-403] Loading part xc7a100tcsg324-1
INFO: [Project 1-570] Preparing netlist for logic optimization
Parsing XDC File [D:/code/main/multi_give/multi_give/.Xil/Vivado-24440-DESKTOP-U6JQ6MK/dcp3/MCCPUSOC_Top.xdc]
Finished Parsing XDC File [D:/code/main/multi_give/multi_give/.Xil/Vivado-24440-DESKTOP-U6JQ6MK/dcp3/MCCPUSOC_Top.xdc]
Reading XDEF placement.
Reading placer database...
Reading XDEF routing.
Read XDEF File: Time (s): cpu = 00:00:00 ; elapsed = 00:00:00.335 . Memory (MB): peak = 1070.758 ; gain = 3.469
Restored from archive | CPU: 0.000000 secs | Memory: 0.000000 MB |
Finished XDEF File Restore: Time (s): cpu = 00:00:00 ; elapsed = 00:00:00.335 . Memory (MB): peak = 1070.758 ; gain = 3.469
INFO: [Project 1-111] Unisim Transformation Summary:
  A total of 32 instances were transformed.
  RAM128X1D => RAM128X1D (RAMD64E, RAMD64E, MUXF7, MUXF7, RAMD64E, RAMD64E): 32 instances

open_run: Time (s): cpu = 00:00:17 ; elapsed = 00:00:11 . Memory (MB): peak = 1190.234 ; gain = 416.566
