#-----------------------------------------------------------
# Vivado v2017.4 (64-bit)
# SW Build 2086221 on Fri Dec 15 20:55:39 MST 2017
# IP Build 2085800 on Fri Dec 15 22:25:07 MST 2017
# Start of session at: Thu Apr 13 20:10:14 2023
# Process ID: 500
# Current directory: G:/college/大二下/计组实验/main/multi_give/multi_give
# Command line: vivado.exe -gui_launcher_event rodinguilauncherevent6268 G:\college\大二下\计组实验\main\multi_give\multi_give\multi_give.xpr
# Log file: G:/college/大二下/计组实验/main/multi_give/multi_give/vivado.log
# Journal file: G:/college/大二下/计组实验/main/multi_give/multi_give\vivado.jou
#-----------------------------------------------------------
start_gui
open_project G:/college/大二下/计组实验/main/multi_give/multi_give/multi_give.xpr
INFO: [Project 1-313] Project file moved from 'C:/Users/25162/Desktop/multi_give' since last save.
CRITICAL WARNING: [Project 1-311] Could not find the file 'G:/college/大二下/桌面/学习/计组/2023春计算机系统基础实验/source/source/Testing Code/studentnosorting.coe', nor could it be found using path 'C:/桌面/学习/计组/2023春计算机系统基础实验/source/source/Testing Code/studentnosorting.coe'.
Scanning sources...
Finished scanning sources
INFO: [IP_Flow 19-234] Refreshing IP repositories
INFO: [IP_Flow 19-1704] No user IP repositories specified
INFO: [IP_Flow 19-2313] Loaded Vivado IP repository 'F:/vivado/Vivado/2017.4/data/ip'.
update_compile_order -fileset sources_1
exit
INFO: [Common 17-206] Exiting Vivado at Thu Apr 13 20:38:27 2023...
