Copyright 1986-2017 Xilinx, Inc. All Rights Reserved.
----------------------------------------------------------------------------------------------------------------------------------------------------------
| Tool Version     : Vivado v.2017.4 (win64) Build 2086221 Fri Dec 15 20:55:39 MST 2017
| Date             : Sun May  7 16:28:24 2023
| Host             : DESKTOP-U6JQ6MK running 64-bit major release  (build 9200)
| Command          : report_power -file SCCPUSOC_Top_power_routed.rpt -pb SCCPUSOC_Top_power_summary_routed.pb -rpx SCCPUSOC_Top_power_routed.rpx
| Design           : SCCPUSOC_Top
| Device           : xc7a100tcsg324-1
| Design State     : routed
| Grade            : commercial
| Process          : typical
| Characterization : Production
----------------------------------------------------------------------------------------------------------------------------------------------------------

Power Report

Table of Contents
-----------------
1. Summary
1.1 On-Chip Components
1.2 Power Supply Summary
1.3 Confidence Level
2. Settings
2.1 Environment
2.2 Clock Constraints
3. Detailed Reports
3.1 By Hierarchy

1. Summary
----------

+--------------------------+--------------+
| Total On-Chip Power (W)  | 0.105        |
| Design Power Budget (W)  | Unspecified* |
| Power Budget Margin (W)  | NA           |
| Dynamic (W)              | 0.008        |
| Device Static (W)        | 0.097        |
| Effective TJA (C/W)      | 4.6          |
| Max Ambient (C)          | 84.5         |
| Junction Temperature (C) | 25.5         |
| Confidence Level         | Low          |
| Setting File             | ---          |
| Simulation Activity File | ---          |
| Design Nets Matched      | NA           |
+--------------------------+--------------+
* Specify Design Power Budget using, set_operating_conditions -design_power_budget <value in Watts>


1.1 On-Chip Components
----------------------

+--------------------------+-----------+----------+-----------+-----------------+
| On-Chip                  | Power (W) | Used     | Available | Utilization (%) |
+--------------------------+-----------+----------+-----------+-----------------+
| Clocks                   |    <0.001 |        3 |       --- |             --- |
| Slice Logic              |     0.002 |     3935 |       --- |             --- |
|   LUT as Logic           |     0.002 |     2025 |     63400 |            3.19 |
|   F7/F8 Muxes            |    <0.001 |      444 |     63400 |            0.70 |
|   CARRY4                 |    <0.001 |       51 |     15850 |            0.32 |
|   LUT as Distributed RAM |    <0.001 |       44 |     19000 |            0.23 |
|   Register               |    <0.001 |     1171 |    126800 |            0.92 |
|   BUFG                   |    <0.001 |        1 |        32 |            3.13 |
|   Others                 |     0.000 |       11 |       --- |             --- |
| Signals                  |     0.003 |     2933 |       --- |             --- |
| I/O                      |     0.003 |       34 |       210 |           16.19 |
| Static Power             |     0.097 |          |           |                 |
| Total                    |     0.105 |          |           |                 |
+--------------------------+-----------+----------+-----------+-----------------+


1.2 Power Supply Summary
------------------------

+-----------+-------------+-----------+-------------+------------+
| Source    | Voltage (V) | Total (A) | Dynamic (A) | Static (A) |
+-----------+-------------+-----------+-------------+------------+
| Vccint    |       1.000 |     0.020 |       0.005 |      0.015 |
| Vccaux    |       1.800 |     0.018 |       0.000 |      0.018 |
| Vcco33    |       3.300 |     0.005 |       0.001 |      0.004 |
| Vcco25    |       2.500 |     0.000 |       0.000 |      0.000 |
| Vcco18    |       1.800 |     0.000 |       0.000 |      0.000 |
| Vcco15    |       1.500 |     0.000 |       0.000 |      0.000 |
| Vcco135   |       1.350 |     0.000 |       0.000 |      0.000 |
| Vcco12    |       1.200 |     0.000 |       0.000 |      0.000 |
| Vccaux_io |       1.800 |     0.000 |       0.000 |      0.000 |
| Vccbram   |       1.000 |     0.000 |       0.000 |      0.000 |
| MGTAVcc   |       1.000 |     0.000 |       0.000 |      0.000 |
| MGTAVtt   |       1.200 |     0.000 |       0.000 |      0.000 |
| Vccadc    |       1.800 |     0.020 |       0.000 |      0.020 |
+-----------+-------------+-----------+-------------+------------+


1.3 Confidence Level
--------------------

+-----------------------------+------------+--------------------------------------------------------+--------------------------------------------------------------------------------------------------------------------+
| User Input Data             | Confidence | Details                                                | Action                                                                                                             |
+-----------------------------+------------+--------------------------------------------------------+--------------------------------------------------------------------------------------------------------------------+
| Design implementation state | High       | Design is routed                                       |                                                                                                                    |
| Clock nodes activity        | Low        | User specified less than 75% of clocks                 | Provide missing clock activity with a constraint file, simulation results or by editing the "By Clock Domain" view |
| I/O nodes activity          | Low        | More than 75% of inputs are missing user specification | Provide missing input activity with simulation results or by editing the "By Resource Type -> I/Os" view           |
| Internal nodes activity     | Medium     | User specified less than 25% of internal nodes         | Provide missing internal nodes activity with simulation results or by editing the "By Resource Type" views         |
| Device models               | High       | Device models are Production                           |                                                                                                                    |
|                             |            |                                                        |                                                                                                                    |
| Overall confidence level    | Low        |                                                        |                                                                                                                    |
+-----------------------------+------------+--------------------------------------------------------+--------------------------------------------------------------------------------------------------------------------+


2. Settings
-----------

2.1 Environment
---------------

+-----------------------+--------------------------+
| Ambient Temp (C)      | 25.0                     |
| ThetaJA (C/W)         | 4.6                      |
| Airflow (LFM)         | 250                      |
| Heat Sink             | medium (Medium Profile)  |
| ThetaSA (C/W)         | 4.6                      |
| Board Selection       | medium (10"x10")         |
| # of Board Layers     | 12to15 (12 to 15 Layers) |
| Board Temperature (C) | 25.0                     |
+-----------------------+--------------------------+


2.2 Clock Constraints
---------------------

+-------------+--------+-----------------+
| Clock       | Domain | Constraint (ns) |
+-------------+--------+-----------------+
| sys_clk_pin | clk    |           100.0 |
+-------------+--------+-----------------+


3. Detailed Reports
-------------------

3.1 By Hierarchy
----------------

+-------------------------+-----------+
| Name                    | Power (W) |
+-------------------------+-----------+
| SCCPUSOC_Top            |     0.008 |
|   U_7SEG                |    <0.001 |
|   U_CLKDIV              |    <0.001 |
|   U_DM                  |    <0.001 |
|     dmem_reg_0_63_0_2   |    <0.001 |
|     dmem_reg_0_63_12_14 |    <0.001 |
|     dmem_reg_0_63_15_17 |    <0.001 |
|     dmem_reg_0_63_18_20 |    <0.001 |
|     dmem_reg_0_63_21_23 |    <0.001 |
|     dmem_reg_0_63_24_26 |    <0.001 |
|     dmem_reg_0_63_27_29 |    <0.001 |
|     dmem_reg_0_63_30_30 |    <0.001 |
|     dmem_reg_0_63_31_31 |    <0.001 |
|     dmem_reg_0_63_3_5   |    <0.001 |
|     dmem_reg_0_63_6_8   |    <0.001 |
|     dmem_reg_0_63_9_11  |    <0.001 |
|   U_IM                  |    <0.001 |
|     U0                  |    <0.001 |
|   U_Multi               |    <0.001 |
|   U_SCCPU               |     0.004 |
|     U_ALU               |    <0.001 |
|     U_NPC               |    <0.001 |
|     U_PC                |    <0.001 |
|     U_RF                |     0.004 |
+-------------------------+-----------+


